#
# There is insufficient memory for the Java Runtime Environment to continue.
# Native memory allocation (mmap) failed to map 65536000 bytes for committing reserved memory.
# Possible reasons:
#   The system is out of physical RAM or swap space
#   The process is running with CompressedOops enabled, and the Java Heap may be blocking the growth of the native heap
# Possible solutions:
#   Reduce memory load on the system
#   Increase physical memory or swap space
#   Check if swap backing store is full
#   Decrease Java heap size (-Xmx/-Xms)
#   Decrease number of Java threads
#   Decrease Java thread stack sizes (-Xss)
#   Set larger code cache with -XX:ReservedCodeCacheSize=
# This output file may be truncated or incomplete.
#
#  Out of Memory Error (os_linux.cpp:2753), pid=3738, tid=0x00007effb4e38700
#
# JRE version:  (8.0_202-b44) (build )
# Java VM: OpenJDK 64-Bit Server VM (25.202-b44 mixed mode linux-amd64 compressed oops)
# Failed to write core dump. Core dumps have been disabled. To enable core dumping, try "ulimit -c unlimited" before starting Java again
#

---------------  T H R E A D  ---------------

Current thread (0x00007effac00a800):  JavaThread "Unknown thread" [_thread_in_vm, id=3739, stack(0x00007effb4d39000,0x00007effb4e39000)]

Stack: [0x00007effb4d39000,0x00007effb4e39000],  sp=0x00007effb4e37460,  free space=1017k
Native frames: (J=compiled Java code, j=interpreted, Vv=VM code, C=native code)
V  [libjvm.so+0xa4458e]  VMError::report_and_die()+0x14e
V  [libjvm.so+0x4dfff9]  report_vm_out_of_memory(char const*, int, unsigned long, VMErrorType, char const*)+0x99
V  [libjvm.so+0x8b4313]  os::Linux::commit_memory_impl(char*, unsigned long, bool)+0x113
V  [libjvm.so+0x8b4539]  os::pd_commit_memory(char*, unsigned long, unsigned long, bool)+0x29
V  [libjvm.so+0x8a95ca]  os::commit_memory(char*, unsigned long, unsigned long, bool)+0x2a
V  [libjvm.so+0x91906b]  PSVirtualSpace::expand_by(unsigned long)+0x6b
V  [libjvm.so+0x919f24]  PSYoungGen::initialize_virtual_space(ReservedSpace, unsigned long)+0x74
V  [libjvm.so+0x91a82e]  PSYoungGen::initialize(ReservedSpace, unsigned long)+0x3e
V  [libjvm.so+0x2d2204]  AdjoiningGenerations::AdjoiningGenerations(ReservedSpace, GenerationSizer*, unsigned long)+0x344
V  [libjvm.so+0x8d1197]  ParallelScavengeHeap::initialize()+0x1e7
V  [libjvm.so+0xa0efd1]  Universe::initialize_heap()+0x101
V  [libjvm.so+0xa10083]  universe_init()+0x33
V  [libjvm.so+0x60d435]  init_globals()+0x55
V  [libjvm.so+0x9f4aa7]  Threads::create_vm(JavaVMInitArgs*, bool*)+0x207
V  [libjvm.so+0x6723c4]  JNI_CreateJavaVM+0x74
C  [libjli.so+0x75f7]  JavaMain+0x87
C  [libpthread.so.0+0x74a4]  start_thread+0xc4


---------------  P R O C E S S  ---------------

Java Threads: ( => current thread )

Other Threads:

=>0x00007effac00a800 (exited) JavaThread "Unknown thread" [_thread_in_vm, id=3739, stack(0x00007effb4d39000,0x00007effb4e39000)]

VM state:not at safepoint (not fully initialized)

VM Mutex/Monitor currently owned by a thread: None

heap address: 0x0000000705e00000, size: 2978 MB, Compressed Oops mode: Non-zero based:0x0000000705dff000, Oop shift amount: 3
Narrow klass base: 0x0000000000000000, Narrow klass shift: 0

GC Heap History (0 events):
No events

Deoptimization events (0 events):
No events

Classes redefined (0 events):
No events

Internal exceptions (0 events):
No events

Events (0 events):
No events


Dynamic libraries:
00400000-00401000 r-xp 00000000 08:12 7341099                            /opt/PhpStorm-191.6707.66/jre64/bin/java
00600000-00601000 rw-p 00000000 08:12 7341099                            /opt/PhpStorm-191.6707.66/jre64/bin/java
025be000-025df000 rw-p 00000000 00:00 0                                  [heap]
705e00000-781f80000 ---p 00000000 00:00 0 
785e00000-7c0000000 ---p 00000000 00:00 0 
7eff9d000000-7eff9d270000 rwxp 00000000 00:00 0 
7eff9d270000-7effac000000 ---p 00000000 00:00 0 
7effac000000-7effac034000 rw-p 00000000 00:00 0 
7effac034000-7effb0000000 ---p 00000000 00:00 0 
7effb1354000-7effb15d0000 rw-p 00000000 00:00 0 
7effb15d0000-7effb1ba1000 ---p 00000000 00:00 0 
7effb1ba1000-7effb1bac000 rw-p 00000000 00:00 0 
7effb1bac000-7effb1f62000 ---p 00000000 00:00 0 
7effb1f62000-7effb1f7d000 r-xp 00000000 08:12 7340996                    /opt/PhpStorm-191.6707.66/jre64/lib/amd64/libzip.so
7effb1f7d000-7effb217c000 ---p 0001b000 08:12 7340996                    /opt/PhpStorm-191.6707.66/jre64/lib/amd64/libzip.so
7effb217c000-7effb217d000 rw-p 0001a000 08:12 7340996                    /opt/PhpStorm-191.6707.66/jre64/lib/amd64/libzip.so
7effb217d000-7effb2187000 r-xp 00000000 08:12 2884951                    /lib/x86_64-linux-gnu/libnss_files-2.24.so
7effb2187000-7effb2387000 ---p 0000a000 08:12 2884951                    /lib/x86_64-linux-gnu/libnss_files-2.24.so
7effb2387000-7effb2388000 r--p 0000a000 08:12 2884951                    /lib/x86_64-linux-gnu/libnss_files-2.24.so
7effb2388000-7effb2389000 rw-p 0000b000 08:12 2884951                    /lib/x86_64-linux-gnu/libnss_files-2.24.so
7effb2389000-7effb238f000 rw-p 00000000 00:00 0 
7effb238f000-7effb239a000 r-xp 00000000 08:12 2884953                    /lib/x86_64-linux-gnu/libnss_nis-2.24.so
7effb239a000-7effb2599000 ---p 0000b000 08:12 2884953                    /lib/x86_64-linux-gnu/libnss_nis-2.24.so
7effb2599000-7effb259a000 r--p 0000a000 08:12 2884953                    /lib/x86_64-linux-gnu/libnss_nis-2.24.so
7effb259a000-7effb259b000 rw-p 0000b000 08:12 2884953                    /lib/x86_64-linux-gnu/libnss_nis-2.24.so
7effb259b000-7effb25af000 r-xp 00000000 08:12 2884948                    /lib/x86_64-linux-gnu/libnsl-2.24.so
7effb25af000-7effb27af000 ---p 00014000 08:12 2884948                    /lib/x86_64-linux-gnu/libnsl-2.24.so
7effb27af000-7effb27b0000 r--p 00014000 08:12 2884948                    /lib/x86_64-linux-gnu/libnsl-2.24.so
7effb27b0000-7effb27b1000 rw-p 00015000 08:12 2884948                    /lib/x86_64-linux-gnu/libnsl-2.24.so
7effb27b1000-7effb27b3000 rw-p 00000000 00:00 0 
7effb27b3000-7effb27ba000 r-xp 00000000 08:12 2884949                    /lib/x86_64-linux-gnu/libnss_compat-2.24.so
7effb27ba000-7effb29b9000 ---p 00007000 08:12 2884949                    /lib/x86_64-linux-gnu/libnss_compat-2.24.so
7effb29b9000-7effb29ba000 r--p 00006000 08:12 2884949                    /lib/x86_64-linux-gnu/libnss_compat-2.24.so
7effb29ba000-7effb29bb000 rw-p 00007000 08:12 2884949                    /lib/x86_64-linux-gnu/libnss_compat-2.24.so
7effb29bb000-7effb29e5000 r-xp 00000000 08:12 7340966                    /opt/PhpStorm-191.6707.66/jre64/lib/amd64/libjava.so
7effb29e5000-7effb2be4000 ---p 0002a000 08:12 7340966                    /opt/PhpStorm-191.6707.66/jre64/lib/amd64/libjava.so
7effb2be4000-7effb2be6000 rw-p 00029000 08:12 7340966                    /opt/PhpStorm-191.6707.66/jre64/lib/amd64/libjava.so
7effb2be6000-7effb2bf5000 r-xp 00000000 08:12 7340995                    /opt/PhpStorm-191.6707.66/jre64/lib/amd64/libverify.so
7effb2bf5000-7effb2df4000 ---p 0000f000 08:12 7340995                    /opt/PhpStorm-191.6707.66/jre64/lib/amd64/libverify.so
7effb2df4000-7effb2df6000 rw-p 0000e000 08:12 7340995                    /opt/PhpStorm-191.6707.66/jre64/lib/amd64/libverify.so
7effb2df6000-7effb2dfd000 r-xp 00000000 08:12 2884958                    /lib/x86_64-linux-gnu/librt-2.24.so
7effb2dfd000-7effb2ffc000 ---p 00007000 08:12 2884958                    /lib/x86_64-linux-gnu/librt-2.24.so
7effb2ffc000-7effb2ffd000 r--p 00006000 08:12 2884958                    /lib/x86_64-linux-gnu/librt-2.24.so
7effb2ffd000-7effb2ffe000 rw-p 00007000 08:12 2884958                    /lib/x86_64-linux-gnu/librt-2.24.so
7effb2ffe000-7effb3101000 r-xp 00000000 08:12 2884945                    /lib/x86_64-linux-gnu/libm-2.24.so
7effb3101000-7effb3300000 ---p 00103000 08:12 2884945                    /lib/x86_64-linux-gnu/libm-2.24.so
7effb3300000-7effb3301000 r--p 00102000 08:12 2884945                    /lib/x86_64-linux-gnu/libm-2.24.so
7effb3301000-7effb3302000 rw-p 00103000 08:12 2884945                    /lib/x86_64-linux-gnu/libm-2.24.so
7effb3302000-7effb3f51000 r-xp 00000000 08:12 7341000                    /opt/PhpStorm-191.6707.66/jre64/lib/amd64/server/libjvm.so
7effb3f51000-7effb4151000 ---p 00c4f000 08:12 7341000                    /opt/PhpStorm-191.6707.66/jre64/lib/amd64/server/libjvm.so
7effb4151000-7effb4221000 rw-p 00c4f000 08:12 7341000                    /opt/PhpStorm-191.6707.66/jre64/lib/amd64/server/libjvm.so
7effb4221000-7effb4263000 rw-p 00000000 00:00 0 
7effb4263000-7effb43f8000 r-xp 00000000 08:12 2884941                    /lib/x86_64-linux-gnu/libc-2.24.so
7effb43f8000-7effb45f8000 ---p 00195000 08:12 2884941                    /lib/x86_64-linux-gnu/libc-2.24.so
7effb45f8000-7effb45fc000 r--p 00195000 08:12 2884941                    /lib/x86_64-linux-gnu/libc-2.24.so
7effb45fc000-7effb45fe000 rw-p 00199000 08:12 2884941                    /lib/x86_64-linux-gnu/libc-2.24.so
7effb45fe000-7effb4602000 rw-p 00000000 00:00 0 
7effb4602000-7effb4605000 r-xp 00000000 08:12 2884944                    /lib/x86_64-linux-gnu/libdl-2.24.so
7effb4605000-7effb4804000 ---p 00003000 08:12 2884944                    /lib/x86_64-linux-gnu/libdl-2.24.so
7effb4804000-7effb4805000 r--p 00002000 08:12 2884944                    /lib/x86_64-linux-gnu/libdl-2.24.so
7effb4805000-7effb4806000 rw-p 00003000 08:12 2884944                    /lib/x86_64-linux-gnu/libdl-2.24.so
7effb4806000-7effb481b000 r-xp 00000000 08:12 7340947                    /opt/PhpStorm-191.6707.66/jre64/lib/amd64/jli/libjli.so
7effb481b000-7effb4a1b000 ---p 00015000 08:12 7340947                    /opt/PhpStorm-191.6707.66/jre64/lib/amd64/jli/libjli.so
7effb4a1b000-7effb4a1c000 rw-p 00015000 08:12 7340947                    /opt/PhpStorm-191.6707.66/jre64/lib/amd64/jli/libjli.so
7effb4a1c000-7effb4a34000 r-xp 00000000 08:12 2884956                    /lib/x86_64-linux-gnu/libpthread-2.24.so
7effb4a34000-7effb4c33000 ---p 00018000 08:12 2884956                    /lib/x86_64-linux-gnu/libpthread-2.24.so
7effb4c33000-7effb4c34000 r--p 00017000 08:12 2884956                    /lib/x86_64-linux-gnu/libpthread-2.24.so
7effb4c34000-7effb4c35000 rw-p 00018000 08:12 2884956                    /lib/x86_64-linux-gnu/libpthread-2.24.so
7effb4c35000-7effb4c39000 rw-p 00000000 00:00 0 
7effb4c39000-7effb4c5c000 r-xp 00000000 08:12 2884937                    /lib/x86_64-linux-gnu/ld-2.24.so
7effb4d38000-7effb4d39000 ---p 00000000 00:00 0 
7effb4d39000-7effb4d3c000 ---p 00000000 00:00 0 
7effb4d3c000-7effb4e3d000 rw-p 00000000 00:00 0 
7effb4e52000-7effb4e5a000 rw-s 00000000 08:12 4362778                    /tmp/hsperfdata_armando/3738
7effb4e5a000-7effb4e5b000 rw-p 00000000 00:00 0 
7effb4e5b000-7effb4e5c000 r--p 00000000 00:00 0 
7effb4e5c000-7effb4e5d000 r--p 00023000 08:12 2884937                    /lib/x86_64-linux-gnu/ld-2.24.so
7effb4e5d000-7effb4e5e000 rw-p 00024000 08:12 2884937                    /lib/x86_64-linux-gnu/ld-2.24.so
7effb4e5e000-7effb4e5f000 rw-p 00000000 00:00 0 
7ffdfbc8e000-7ffdfbcaf000 rw-p 00000000 00:00 0                          [stack]
7ffdfbcb3000-7ffdfbcb5000 r--p 00000000 00:00 0                          [vvar]
7ffdfbcb5000-7ffdfbcb7000 r-xp 00000000 00:00 0                          [vdso]
ffffffffff600000-ffffffffff601000 r-xp 00000000 00:00 0                  [vsyscall]

VM Arguments:
java_command: org.jetbrains.git4idea.http.GitAskPassApp Username for 'https://gitlab.com': 
java_class_path (initial): /opt/PhpStorm-191.6707.66/plugins/git4idea/lib/git4idea-rt.jar:/opt/PhpStorm-191.6707.66/lib/xmlrpc-2.0.1.jar:/opt/PhpStorm-191.6707.66/lib/commons-codec-1.10.jar:/opt/PhpStorm-191.6707.66/lib/util.jar
Launcher Type: SUN_STANDARD

Environment Variables:
PATH=/usr/lib/git-core:/usr/local/bin:/usr/bin:/bin:/usr/local/games:/usr/games:/usr/local/sbin:/usr/sbin:/sbin
SHELL=/usr/bin/zsh
DISPLAY=:0

Signal Handlers:
SIGSEGV: [libjvm.so+0xa44f70], sa_mask[0]=11111111011111111101111111111110, sa_flags=SA_RESTART|SA_SIGINFO
SIGBUS: [libjvm.so+0xa44f70], sa_mask[0]=11111111011111111101111111111110, sa_flags=SA_RESTART|SA_SIGINFO
SIGFPE: [libjvm.so+0x8add30], sa_mask[0]=11111111011111111101111111111110, sa_flags=SA_RESTART|SA_SIGINFO
SIGPIPE: [libjvm.so+0x8add30], sa_mask[0]=11111111011111111101111111111110, sa_flags=SA_RESTART|SA_SIGINFO
SIGXFSZ: [libjvm.so+0x8add30], sa_mask[0]=11111111011111111101111111111110, sa_flags=SA_RESTART|SA_SIGINFO
SIGILL: [libjvm.so+0x8add30], sa_mask[0]=11111111011111111101111111111110, sa_flags=SA_RESTART|SA_SIGINFO
SIGUSR1: SIG_DFL, sa_mask[0]=00000000000000000000000000000000, sa_flags=none
SIGUSR2: [libjvm.so+0x8af430], sa_mask[0]=00100000000000000000000000000000, sa_flags=SA_RESTART|SA_SIGINFO
SIGHUP: SIG_DFL, sa_mask[0]=00000000000000000000000000000000, sa_flags=none
SIGINT: SIG_DFL, sa_mask[0]=00000000000000000000000000000000, sa_flags=none
SIGTERM: SIG_DFL, sa_mask[0]=00000000000000000000000000000000, sa_flags=none
SIGQUIT: SIG_DFL, sa_mask[0]=00000000000000000000000000000000, sa_flags=none


---------------  S Y S T E M  ---------------

OS:DISTRIB_ID=LinuxMint
DISTRIB_RELEASE=3
DISTRIB_CODENAME=cindy
DISTRIB_DESCRIPTION="LMDE 3 Cindy"
uname:Linux 4.9.0-9-amd64 #1 SMP Debian 4.9.168-1+deb9u4 (2019-07-19) x86_64
libc:glibc 2.24 NPTL 2.24 
rlimit: STACK 8192k, CORE 0k, NPROC 47234, NOFILE 1048576, AS infinity
load average:7.69 5.52 3.97

/proc/meminfo:
MemTotal:       12190956 kB
MemFree:          140752 kB
MemAvailable:      20548 kB
Buffers:             892 kB
Cached:          1175012 kB
SwapCached:            0 kB
Active:         10514324 kB
Inactive:        1134660 kB
Active(anon):   10501500 kB
Inactive(anon):  1119772 kB
Active(file):      12824 kB
Inactive(file):    14888 kB
Unevictable:          88 kB
Mlocked:              88 kB
SwapTotal:             0 kB
SwapFree:              0 kB
Dirty:               172 kB
Writeback:             0 kB
AnonPages:      10473216 kB
Mapped:           659496 kB
Shmem:           1148144 kB
Slab:             142412 kB
SReclaimable:      44332 kB
SUnreclaim:        98080 kB
KernelStack:       22640 kB
PageTables:       107292 kB
NFS_Unstable:          0 kB
Bounce:                0 kB
WritebackTmp:          0 kB
CommitLimit:     6095476 kB
Committed_AS:   21706160 kB
VmallocTotal:   34359738367 kB
VmallocUsed:           0 kB
VmallocChunk:          0 kB
HardwareCorrupted:     0 kB
AnonHugePages:     10240 kB
ShmemHugePages:        0 kB
ShmemPmdMapped:        0 kB
HugePages_Total:       0
HugePages_Free:        0
HugePages_Rsvd:        0
HugePages_Surp:        0
Hugepagesize:       2048 kB
DirectMap4k:      370292 kB
DirectMap2M:    12095488 kB
DirectMap1G:           0 kB

container (cgroup) information:
container_type: cgroupv1
cpu_cpuset_cpus: 0-3
cpu_memory_nodes: 0
active_processor_count: 4
cpu_quota: -1
cpu_period: 100000
cpu_shares: -1
memory_limit_in_bytes: -1
memory_and_swap_limit_in_bytes: -2
memory_soft_limit_in_bytes: -1
memory_usage_in_bytes: 11040714752
memory_max_usage_in_bytes: 11061940224


CPU:total 4 (initial active 4) (2 cores per cpu, 2 threads per core) family 6 model 142 stepping 9, cmov, cx8, fxsr, mmx, sse, sse2, sse3, ssse3, sse4.1, sse4.2, popcnt, avx, avx2, aes, clmul, erms, 3dnowpref, lzcnt, ht, tsc, tscinvbit, bmi1, bmi2, adx

/proc/cpuinfo:
processor	: 0
vendor_id	: GenuineIntel
cpu family	: 6
model		: 142
model name	: Intel(R) Core(TM) i7-7500U CPU @ 2.70GHz
stepping	: 9
microcode	: 0x5e
cpu MHz		: 2978.234
cache size	: 4096 KB
physical id	: 0
siblings	: 4
core id		: 0
cpu cores	: 2
apicid		: 0
initial apicid	: 0
fpu		: yes
fpu_exception	: yes
cpuid level	: 22
wp		: yes
flags		: fpu vme de pse tsc msr pae mce cx8 apic sep mtrr pge mca cmov pat pse36 clflush dts acpi mmx fxsr sse sse2 ss ht tm pbe syscall nx pdpe1gb rdtscp lm constant_tsc art arch_perfmon pebs bts rep_good nopl xtopology nonstop_tsc aperfmperf pni pclmulqdq dtes64 monitor ds_cpl vmx est tm2 ssse3 sdbg fma cx16 xtpr pdcm pcid sse4_1 sse4_2 x2apic movbe popcnt tsc_deadline_timer aes xsave avx f16c rdrand lahf_lm abm 3dnowprefetch epb invpcid_single kaiser tpr_shadow vnmi flexpriority ept vpid fsgsbase tsc_adjust bmi1 avx2 smep bmi2 erms invpcid mpx rdseed adx smap clflushopt intel_pt xsaveopt xsavec xgetbv1 xsaves dtherm ida arat pln pts hwp hwp_notify hwp_act_window hwp_epp
bugs		: cpu_meltdown spectre_v1 spectre_v2 spec_store_bypass l1tf mds
bogomips	: 5808.00
clflush size	: 64
cache_alignment	: 64
address sizes	: 39 bits physical, 48 bits virtual
power management:

processor	: 1
vendor_id	: GenuineIntel
cpu family	: 6
model		: 142
model name	: Intel(R) Core(TM) i7-7500U CPU @ 2.70GHz
stepping	: 9
microcode	: 0x5e
cpu MHz		: 2962.658
cache size	: 4096 KB
physical id	: 0
siblings	: 4
core id		: 1
cpu cores	: 2
apicid		: 2
initial apicid	: 2
fpu		: yes
fpu_exception	: yes
cpuid level	: 22
wp		: yes
flags		: fpu vme de pse tsc msr pae mce cx8 apic sep mtrr pge mca cmov pat pse36 clflush dts acpi mmx fxsr sse sse2 ss ht tm pbe syscall nx pdpe1gb rdtscp lm constant_tsc art arch_perfmon pebs bts rep_good nopl xtopology nonstop_tsc aperfmperf pni pclmulqdq dtes64 monitor ds_cpl vmx est tm2 ssse3 sdbg fma cx16 xtpr pdcm pcid sse4_1 sse4_2 x2apic movbe popcnt tsc_deadline_timer aes xsave avx f16c rdrand lahf_lm abm 3dnowprefetch epb invpcid_single kaiser tpr_shadow vnmi flexpriority ept vpid fsgsbase tsc_adjust bmi1 avx2 smep bmi2 erms invpcid mpx rdseed adx smap clflushopt intel_pt xsaveopt xsavec xgetbv1 xsaves dtherm ida arat pln pts hwp hwp_notify hwp_act_window hwp_epp
bugs		: cpu_meltdown spectre_v1 spectre_v2 spec_store_bypass l1tf mds
bogomips	: 5808.00
clflush size	: 64
cache_alignment	: 64
address sizes	: 39 bits physical, 48 bits virtual
power management:

processor	: 2
vendor_id	: GenuineIntel
cpu family	: 6
model		: 142
model name	: Intel(R) Core(TM) i7-7500U CPU @ 2.70GHz
stepping	: 9
microcode	: 0x5e
cpu MHz		: 3006.024
cache size	: 4096 KB
physical id	: 0
siblings	: 4
core id		: 0
cpu cores	: 2
apicid		: 1
initial apicid	: 1
fpu		: yes
fpu_exception	: yes
cpuid level	: 22
wp		: yes
flags		: fpu vme de pse tsc msr pae mce cx8 apic sep mtrr pge mca cmov pat pse36 clflush dts acpi mmx fxsr sse sse2 ss ht tm pbe syscall nx pdpe1gb rdtscp lm constant_tsc art arch_perfmon pebs bts rep_good nopl xtopology nonstop_tsc aperfmperf pni pclmulqdq dtes64 monitor ds_cpl vmx est tm2 ssse3 sdbg fma cx16 xtpr pdcm pcid sse4_1 sse4_2 x2apic movbe popcnt tsc_deadline_timer aes xsave avx f16c rdrand lahf_lm abm 3dnowprefetch epb invpcid_single kaiser tpr_shadow vnmi flexpriority ept vpid fsgsbase tsc_adjust bmi1 avx2 smep bmi2 erms invpcid mpx rdseed adx smap clflushopt intel_pt xsaveopt xsavec xgetbv1 xsaves dtherm ida arat pln pts hwp hwp_notify hwp_act_window hwp_epp
bugs		: cpu_meltdown spectre_v1 spectre_v2 spec_store_bypass l1tf mds
bogomips	: 5808.00
clflush size	: 64
cache_alignment	: 64
address sizes	: 39 bits physical, 48 bits virtual
power management:

processor	: 3
vendor_id	: GenuineIntel
cpu family	: 6
model		: 142
model name	: Intel(R) Core(TM) i7-7500U CPU @ 2.70GHz
stepping	: 9
microcode	: 0x5e
cpu MHz		: 2508.471
cache size	: 4096 KB
physical id	: 0
siblings	: 4
core id		: 1
cpu cores	: 2
apicid		: 3
initial apicid	: 3
fpu		: yes
fpu_exception	: yes
cpuid level	: 22
wp		: yes
flags		: fpu vme de pse tsc msr pae mce cx8 apic sep mtrr pge mca cmov pat pse36 clflush dts acpi mmx fxsr sse sse2 ss ht tm pbe syscall nx pdpe1gb rdtscp lm constant_tsc art arch_perfmon pebs bts rep_good nopl xtopology nonstop_tsc aperfmperf pni pclmulqdq dtes64 monitor ds_cpl vmx est tm2 ssse3 sdbg fma cx16 xtpr pdcm pcid sse4_1 sse4_2 x2apic movbe popcnt tsc_deadline_timer aes xsave avx f16c rdrand lahf_lm abm 3dnowprefetch epb invpcid_single kaiser tpr_shadow vnmi flexpriority ept vpid fsgsbase tsc_adjust bmi1 avx2 smep bmi2 erms invpcid mpx rdseed adx smap clflushopt intel_pt xsaveopt xsavec xgetbv1 xsaves dtherm ida arat pln pts hwp hwp_notify hwp_act_window hwp_epp
bugs		: cpu_meltdown spectre_v1 spectre_v2 spec_store_bypass l1tf mds
bogomips	: 5808.00
clflush size	: 64
cache_alignment	: 64
address sizes	: 39 bits physical, 48 bits virtual
power management:



Memory: 4k page, physical 12190956k(142712k free), swap 0k(0k free)

vm_info: OpenJDK 64-Bit Server VM (25.202-b44) for linux-amd64 JRE (1.8.0_202-release-1483-b44), built on Mar 29 2019 14:51:12 by "root" with gcc 4.4.7 20120313 (Red Hat 4.4.7-16)

time: Fri Aug  2 17:28:32 2019
timezone: -03
elapsed time: 5 seconds (0d 0h 0m 5s)

